Using pre-set license
Built from '2020.3/staging' branch; Version is '2020.3.11f1 (99c7afb366b3) revision 10078127'; Using compiler version '192528614'; Build Type 'Release'
OS: 'Windows 10 Pro; OS build 19043.1237; Version 2009; 64bit' Language: 'tr' Physical Memory: 8080 MB
BatchMode: 1, IsHumanControllingUs: 0, StartBugReporterOnCrash: 0, Is64bit: 1, IsPro: 0

 COMMAND LINE ARGUMENTS:
C:\Program Files\Unity\Hub\Editor\2020.3.11f1\Editor\Unity.exe
-adb2
-batchMode
-noUpm
-name
AssetImportWorker0
-projectPath
C:/Users/MONSTER/Desktop/games/Teknofest AR
-logFile
Logs/AssetImportWorker0.log
-srvPort
51970
Successfully changed project path to: C:/Users/MONSTER/Desktop/games/Teknofest AR
C:/Users/MONSTER/Desktop/games/Teknofest AR
Using Asset Import Pipeline V2.
Refreshing native plugins compatible for Editor in 51.77 ms, found 2 plugins.
Preloading 0 native plugins for Editor in 0.00 ms.
Initialize engine version: 2020.3.11f1 (99c7afb366b3)
[Subsystems] Discovering subsystems at path C:/Program Files/Unity/Hub/Editor/2020.3.11f1/Editor/Data/Resources/UnitySubsystems
[Subsystems] Discovering subsystems at path C:/Users/MONSTER/Desktop/games/Teknofest AR/Assets
GfxDevice: creating device client; threaded=0
Direct3D:
    Version:  Direct3D 11.0 [level 11.1]
    Renderer: NVIDIA GeForce GTX 1050 (ID=0x1c8d)
    Vendor:   
    VRAM:     4019 MB
    Driver:   26.21.14.3160
Initialize mono
Mono path[0] = 'C:/Program Files/Unity/Hub/Editor/2020.3.11f1/Editor/Data/Managed'
Mono path[1] = 'C:/Program Files/Unity/Hub/Editor/2020.3.11f1/Editor/Data/MonoBleedingEdge/lib/mono/unityjit'
Mono config path = 'C:/Program Files/Unity/Hub/Editor/2020.3.11f1/Editor/Data/MonoBleedingEdge/etc'
Using monoOptions --debugger-agent=transport=dt_socket,embedding=1,server=y,suspend=n,address=127.0.0.1:56124
Begin MonoManager ReloadAssembly
Registering precompiled unity dll's ...
Register platform support module: C:/Program Files/Unity/Hub/Editor/2020.3.11f1/Editor/Data/PlaybackEngines/WebGLSupport/UnityEditor.WebGL.Extensions.dll
Register platform support module: C:/Program Files/Unity/Hub/Editor/2020.3.11f1/Editor/Data/PlaybackEngines/WindowsStandaloneSupport/UnityEditor.WindowsStandalone.Extensions.dll
Registered in 0.002811 seconds.
Native extension for WindowsStandalone target not found
Native extension for WebGL target not found
Refreshing native plugins compatible for Editor in 38.77 ms, found 2 plugins.
Preloading 0 native plugins for Editor in 0.00 ms.
Mono: successfully reloaded assembly
- Completed reload, in  4.196 seconds
Platform modules already initialized, skipping
Registering precompiled user dll's ...
Registered in 0.006522 seconds.
Begin MonoManager ReloadAssembly
Native extension for WindowsStandalone target not found
Native extension for WebGL target not found
Refreshing native plugins compatible for Editor in 38.73 ms, found 2 plugins.
Preloading 0 native plugins for Editor in 0.00 ms.
Mono: successfully reloaded assembly
- Completed reload, in  1.250 seconds
Platform modules already initialized, skipping
========================================================================
Worker process is ready to serve import requests
Launched and connected shader compiler UnityShaderCompiler.exe after 0.06 seconds
Refreshing native plugins compatible for Editor in 0.66 ms, found 2 plugins.
Preloading 0 native plugins for Editor in 0.00 ms.
Unloading 1808 Unused Serialized files (Serialized files now loaded: 0)
System memory in use before: 78.3 MB.
System memory in use after: 78.3 MB.

Unloading 21 unused Assets to reduce memory usage. Loaded Objects now: 2241.
Total: 2.872300 ms (FindLiveObjects: 0.390500 ms CreateObjectMapping: 0.107800 ms MarkObjects: 2.249800 ms  DeleteObjects: 0.123000 ms)

========================================================================
Received Import Request.
  path: Assets/68c4dc70-3d2f-4cf3-b4e6-d0085f0e595b/_3_8.jpg
  artifactKey: Guid(76367288d87a0c946b509bf631128f98) Importer(815301076,1909f56bfc062723c751e8b465ee728b)
Start importing Assets/68c4dc70-3d2f-4cf3-b4e6-d0085f0e595b/_3_8.jpg using Guid(76367288d87a0c946b509bf631128f98) Importer(815301076,1909f56bfc062723c751e8b465ee728b)  -> (artifact id: '65d4e8e0fb8dacc563febd335b2877fe') in 0.122092 seconds
  Import took 0.125885 seconds .

========================================================================
Received Import Request.
  Time since last request: 0.000351 seconds.
  path: Assets/68c4dc70-3d2f-4cf3-b4e6-d0085f0e595b/_3_5.jpg
  artifactKey: Guid(db42496aa37e43d42a8613827448b633) Importer(815301076,1909f56bfc062723c751e8b465ee728b)
Start importing Assets/68c4dc70-3d2f-4cf3-b4e6-d0085f0e595b/_3_5.jpg using Guid(db42496aa37e43d42a8613827448b633) Importer(815301076,1909f56bfc062723c751e8b465ee728b)  -> (artifact id: '411441a71084f0477505441ce58e68f0') in 0.015150 seconds
  Import took 0.018185 seconds .

========================================================================
Received Import Request.
  Time since last request: 0.000280 seconds.
  path: Assets/68c4dc70-3d2f-4cf3-b4e6-d0085f0e595b/_3_2.jpg
  artifactKey: Guid(060ceea1049fff847a784ce6d816ba21) Importer(815301076,1909f56bfc062723c751e8b465ee728b)
Start importing Assets/68c4dc70-3d2f-4cf3-b4e6-d0085f0e595b/_3_2.jpg using Guid(060ceea1049fff847a784ce6d816ba21) Importer(815301076,1909f56bfc062723c751e8b465ee728b)  -> (artifact id: 'd8fc595ac2fe90d9eadb9a8438973687') in 0.011584 seconds
  Import took 0.014458 seconds .

========================================================================
Received Import Request.
  Time since last request: 0.000279 seconds.
  path: Assets/68c4dc70-3d2f-4cf3-b4e6-d0085f0e595b/_3_4.jpg
  artifactKey: Guid(d2e0276c170b293478d38f2035c3cc84) Importer(815301076,1909f56bfc062723c751e8b465ee728b)
Start importing Assets/68c4dc70-3d2f-4cf3-b4e6-d0085f0e595b/_3_4.jpg using Guid(d2e0276c170b293478d38f2035c3cc84) Importer(815301076,1909f56bfc062723c751e8b465ee728b)  -> (artifact id: '610751038b3987994227b5bfed729a6c') in 0.011868 seconds
  Import took 0.015918 seconds .

========================================================================
Received Import Request.
  Time since last request: 0.000307 seconds.
  path: Assets/68c4dc70-3d2f-4cf3-b4e6-d0085f0e595b/_3_6.jpg
  artifactKey: Guid(aa212c4aafb24264da4acfb29211654a) Importer(815301076,1909f56bfc062723c751e8b465ee728b)
Start importing Assets/68c4dc70-3d2f-4cf3-b4e6-d0085f0e595b/_3_6.jpg using Guid(aa212c4aafb24264da4acfb29211654a) Importer(815301076,1909f56bfc062723c751e8b465ee728b)  -> (artifact id: '88192d6d6ab89b887e0304090f0cfec9') in 0.019133 seconds
  Import took 0.025700 seconds .

========================================================================
Received Import Request.
  Time since last request: 0.000421 seconds.
  path: Assets/68c4dc70-3d2f-4cf3-b4e6-d0085f0e595b/_3_1.jpg
  artifactKey: Guid(715d839788c1dd049948036bbca756d4) Importer(815301076,1909f56bfc062723c751e8b465ee728b)
Start importing Assets/68c4dc70-3d2f-4cf3-b4e6-d0085f0e595b/_3_1.jpg using Guid(715d839788c1dd049948036bbca756d4) Importer(815301076,1909f56bfc062723c751e8b465ee728b)  -> (artifact id: '7e60555feb6d038630dded6c4411e0d4') in 0.042364 seconds
  Import took 0.048576 seconds .

========================================================================
Received Import Request.
  Time since last request: 0.000256 seconds.
  path: Assets/68c4dc70-3d2f-4cf3-b4e6-d0085f0e595b
  artifactKey: Guid(522d5eeae367ef944833f82f1ca4e211) Importer(815301076,1909f56bfc062723c751e8b465ee728b)
Start importing Assets/68c4dc70-3d2f-4cf3-b4e6-d0085f0e595b using Guid(522d5eeae367ef944833f82f1ca4e211) Importer(815301076,1909f56bfc062723c751e8b465ee728b)  -> (artifact id: '89fb809114e3f7aee11bf5747bd0caf4') in 0.014148 seconds
  Import took 0.018520 seconds .

========================================================================
Received Import Request.
  Time since last request: 0.000235 seconds.
  path: Assets/68c4dc70-3d2f-4cf3-b4e6-d0085f0e595b/_3_7.jpg
  artifactKey: Guid(1b42b0a928b2d4d469a23c98e23bb46b) Importer(815301076,1909f56bfc062723c751e8b465ee728b)
Start importing Assets/68c4dc70-3d2f-4cf3-b4e6-d0085f0e595b/_3_7.jpg using Guid(1b42b0a928b2d4d469a23c98e23bb46b) Importer(815301076,1909f56bfc062723c751e8b465ee728b)  -> (artifact id: '9e914664184eab5acaa1e707210f8e5e') in 0.018531 seconds
  Import took 0.023186 seconds .

========================================================================
Received Import Request.
  Time since last request: 0.000152 seconds.
  path: Assets/68c4dc70-3d2f-4cf3-b4e6-d0085f0e595b/_3.jpg
  artifactKey: Guid(c24d6a02943d95543a1f137d782703a2) Importer(815301076,1909f56bfc062723c751e8b465ee728b)
Start importing Assets/68c4dc70-3d2f-4cf3-b4e6-d0085f0e595b/_3.jpg using Guid(c24d6a02943d95543a1f137d782703a2) Importer(815301076,1909f56bfc062723c751e8b465ee728b)  -> (artifact id: '7c25b013124e6f40587d808487d6bed2') in 0.025581 seconds
  Import took 0.031108 seconds .

========================================================================
Received Import Request.
  Time since last request: 0.000232 seconds.
  path: Assets/68c4dc70-3d2f-4cf3-b4e6-d0085f0e595b/_3_3.jpg
  artifactKey: Guid(ef0db89a562c0de44b776cb66d1fbf06) Importer(815301076,1909f56bfc062723c751e8b465ee728b)
Start importing Assets/68c4dc70-3d2f-4cf3-b4e6-d0085f0e595b/_3_3.jpg using Guid(ef0db89a562c0de44b776cb66d1fbf06) Importer(815301076,1909f56bfc062723c751e8b465ee728b)  -> (artifact id: 'b5490f6cc822027a0074c507ca7ab555') in 0.026113 seconds
  Import took 0.030580 seconds .

========================================================================
Received Import Request.
  Time since last request: 3.278314 seconds.
  path: Assets/68c4dc70-3d2f-4cf3-b4e6-d0085f0e595b.fbx
  artifactKey: Guid(d372345fc8acf0f4c8e73a59882df0df) Importer(815301076,1909f56bfc062723c751e8b465ee728b)
Start importing Assets/68c4dc70-3d2f-4cf3-b4e6-d0085f0e595b.fbx using Guid(d372345fc8acf0f4c8e73a59882df0df) Importer(815301076,1909f56bfc062723c751e8b465ee728b)  -> (artifact id: '7f4e2df00fba9a152194b31d12ed81d4') in 0.591314 seconds
  Import took 0.595814 seconds .

========================================================================
Received Import Request.
  Time since last request: 13.027780 seconds.
  path: Assets/68c4dc70-3d2f-4cf3-b4e6-d0085f0e595b.fbx
  artifactKey: Guid(d372345fc8acf0f4c8e73a59882df0df) Importer(815301076,1909f56bfc062723c751e8b465ee728b)
Start importing Assets/68c4dc70-3d2f-4cf3-b4e6-d0085f0e595b.fbx using Guid(d372345fc8acf0f4c8e73a59882df0df) Importer(815301076,1909f56bfc062723c751e8b465ee728b)  -> (artifact id: '45c85792ae0e7b7983c0a23a52b8c5b2') in 0.133657 seconds
  Import took 0.138902 seconds .

========================================================================
Received Import Request.
  Time since last request: 5.809109 seconds.
  path: Assets/68c4dc70-3d2f-4cf3-b4e6-d0085f0e595b.fbx
  artifactKey: Guid(d372345fc8acf0f4c8e73a59882df0df) Importer(815301076,1909f56bfc062723c751e8b465ee728b)
Start importing Assets/68c4dc70-3d2f-4cf3-b4e6-d0085f0e595b.fbx using Guid(d372345fc8acf0f4c8e73a59882df0df) Importer(815301076,1909f56bfc062723c751e8b465ee728b)  -> (artifact id: '528328bb98c2c1306b8d1cad963639d2') in 0.109975 seconds
  Import took 0.114711 seconds .

========================================================================
Received Prepare
Registering precompiled user dll's ...
Registered in 0.004418 seconds.
Begin MonoManager ReloadAssembly
Native extension for WindowsStandalone target not found
Native extension for WebGL target not found
Refreshing native plugins compatible for Editor in 0.42 ms, found 2 plugins.
Preloading 0 native plugins for Editor in 0.00 ms.
Mono: successfully reloaded assembly
- Completed reload, in  1.302 seconds
Platform modules already initialized, skipping
Refreshing native plugins compatible for Editor in 0.47 ms, found 2 plugins.
Preloading 0 native plugins for Editor in 0.00 ms.
Unloading 1796 Unused Serialized files (Serialized files now loaded: 0)
System memory in use before: 81.4 MB.
System memory in use after: 81.5 MB.

Unloading 16 unused Assets to reduce memory usage. Loaded Objects now: 2291.
Total: 2.275500 ms (FindLiveObjects: 0.164400 ms CreateObjectMapping: 0.060200 ms MarkObjects: 1.930200 ms  DeleteObjects: 0.119700 ms)

========================================================================
Received Prepare
Registering precompiled user dll's ...
Registered in 0.005354 seconds.
Begin MonoManager ReloadAssembly
Native extension for WindowsStandalone target not found
Native extension for WebGL target not found
Refreshing native plugins compatible for Editor in 0.57 ms, found 2 plugins.
Preloading 0 native plugins for Editor in 0.00 ms.
Mono: successfully reloaded assembly
- Completed reload, in  1.232 seconds
Platform modules already initialized, skipping
Refreshing native plugins compatible for Editor in 0.47 ms, found 2 plugins.
Preloading 0 native plugins for Editor in 0.00 ms.
Unloading 1796 Unused Serialized files (Serialized files now loaded: 0)
System memory in use before: 81.4 MB.
System memory in use after: 81.5 MB.

Unloading 16 unused Assets to reduce memory usage. Loaded Objects now: 2295.
Total: 2.378800 ms (FindLiveObjects: 0.180300 ms CreateObjectMapping: 0.066800 ms MarkObjects: 2.009900 ms  DeleteObjects: 0.121000 ms)

========================================================================
Received Prepare
Registering precompiled user dll's ...
Registered in 0.004707 seconds.
Begin MonoManager ReloadAssembly
Native extension for WindowsStandalone target not found
Native extension for WebGL target not found
Refreshing native plugins compatible for Editor in 0.45 ms, found 2 plugins.
Preloading 0 native plugins for Editor in 0.00 ms.
Mono: successfully reloaded assembly
- Completed reload, in  1.306 seconds
Platform modules already initialized, skipping
Switching build target platform(19) subTarget(0) extendedPlatform(0) -> platform(13) subTarget(537395200) extendedPlatform(0)
Refreshing native plugins compatible for Editor in 0.53 ms, found 2 plugins.
Preloading 0 native plugins for Editor in 0.00 ms.
Unloading 1800 Unused Serialized files (Serialized files now loaded: 0)
System memory in use before: 81.5 MB.
System memory in use after: 81.5 MB.

Unloading 16 unused Assets to reduce memory usage. Loaded Objects now: 2299.
Total: 2.413000 ms (FindLiveObjects: 0.224500 ms CreateObjectMapping: 0.082600 ms MarkObjects: 2.024600 ms  DeleteObjects: 0.079800 ms)

AssetImportParameters requested are different than current active one (requested -> active):
  custom:graphics/normal-map-encoding: 01000000000000000000000000000000 -> 02000000000000000000000000000000
========================================================================
Received Prepare
Refreshing native plugins compatible for Editor in 3.66 ms, found 2 plugins.
Preloading 0 native plugins for Editor in 0.00 ms.
Unloading 13 Unused Serialized files (Serialized files now loaded: 0)
System memory in use before: 45.8 MB.
System memory in use after: 45.9 MB.

Unloading 13 unused Assets to reduce memory usage. Loaded Objects now: 2299.
Total: 2.505900 ms (FindLiveObjects: 0.196900 ms CreateObjectMapping: 0.077700 ms MarkObjects: 2.148600 ms  DeleteObjects: 0.081200 ms)

========================================================================
Received Prepare
Switching build target platform(13) subTarget(537395200) extendedPlatform(0) -> platform(13) subTarget(524288) extendedPlatform(0)
Refreshing native plugins compatible for Editor in 3.35 ms, found 2 plugins.
Preloading 0 native plugins for Editor in 0.00 ms.
Unloading 13 Unused Serialized files (Serialized files now loaded: 0)
System memory in use before: 45.9 MB.
System memory in use after: 46.0 MB.

Unloading 13 unused Assets to reduce memory usage. Loaded Objects now: 2299.
Total: 2.316400 ms (FindLiveObjects: 0.228800 ms CreateObjectMapping: 0.085800 ms MarkObjects: 1.931000 ms  DeleteObjects: 0.069300 ms)

AssetImportParameters requested are different than current active one (requested -> active):
  buildTarget: platform 13, subtarget 524288, extendedPlatform 0 -> platform 13, subtarget 537395200, extendedPlatform 0
  graphicsApiMask: 2048 -> 2099200
========================================================================
Received Prepare
Registering precompiled user dll's ...
Registered in 0.051925 seconds.
Begin MonoManager ReloadAssembly
Native extension for WindowsStandalone target not found
Native extension for WebGL target not found
Refreshing native plugins compatible for Editor in 0.62 ms, found 2 plugins.
Preloading 0 native plugins for Editor in 0.00 ms.
Mono: successfully reloaded assembly
- Completed reload, in  1.187 seconds
Platform modules already initialized, skipping
Switching build target platform(19) subTarget(0) extendedPlatform(0) -> platform(13) subTarget(524288) extendedPlatform(0)
Refreshing native plugins compatible for Editor in 0.41 ms, found 2 plugins.
Preloading 0 native plugins for Editor in 0.00 ms.
Unloading 1800 Unused Serialized files (Serialized files now loaded: 0)
System memory in use before: 81.5 MB.
System memory in use after: 81.5 MB.

Unloading 16 unused Assets to reduce memory usage. Loaded Objects now: 2303.
Total: 2.392500 ms (FindLiveObjects: 0.181200 ms CreateObjectMapping: 0.070400 ms MarkObjects: 2.027700 ms  DeleteObjects: 0.112000 ms)

AssetImportParameters requested are different than current active one (requested -> active):
  buildTarget: platform 13, subtarget 524288, extendedPlatform 0 -> platform 13, subtarget 537395200, extendedPlatform 0
  graphicsApiMask: 2048 -> 2099200
  custom:graphics/normal-map-encoding: 01000000000000000000000000000000 -> 02000000000000000000000000000000
AssetImportWorkerClient::OnTransportError - code=2 error=End of file
